<?xml version="1.0" encoding="UTF-8" ?>
<testsuite tests="1" failures="0" name="owlapi.tutorial.msc.AppTest" time="0.015" errors="0" skipped="0">
  <properties>
    <property name="java.runtime.name" value="OpenJDK Runtime Environment"/>
    <property name="sun.boot.library.path" value="/usr/lib/jvm/java-8-openjdk-amd64/jre/lib/amd64"/>
    <property name="java.vm.version" value="25.162-b12"/>
    <property name="java.vm.vendor" value="Oracle Corporation"/>
    <property name="java.vendor.url" value="http://java.oracle.com/"/>
    <property name="path.separator" value=":"/>
    <property name="java.vm.name" value="OpenJDK 64-Bit Server VM"/>
    <property name="file.encoding.pkg" value="sun.io"/>
    <property name="user.country" value="IN"/>
    <property name="sun.java.launcher" value="SUN_STANDARD"/>
    <property name="sun.os.patch.level" value="unknown"/>
    <property name="java.vm.specification.name" value="Java Virtual Machine Specification"/>
    <property name="user.dir" value="/home/unknown/Desktop/DMPROject/Semantic-Web-Data-Store/msc"/>
    <property name="java.runtime.version" value="1.8.0_162-8u162-b12-0ubuntu0.16.04.2-b12"/>
    <property name="java.awt.graphicsenv" value="sun.awt.X11GraphicsEnvironment"/>
    <property name="basedir" value="/home/unknown/Desktop/DMPROject/Semantic-Web-Data-Store/msc"/>
    <property name="java.endorsed.dirs" value="/usr/lib/jvm/java-8-openjdk-amd64/jre/lib/endorsed"/>
    <property name="os.arch" value="amd64"/>
    <property name="surefire.real.class.path" value="/home/unknown/Desktop/DMPROject/Semantic-Web-Data-Store/msc/target/surefire/surefirebooter5808967405564549336.jar"/>
    <property name="java.io.tmpdir" value="/tmp"/>
    <property name="line.separator" value="
"/>
    <property name="java.vm.specification.vendor" value="Oracle Corporation"/>
    <property name="os.name" value="Linux"/>
    <property name="sun.jnu.encoding" value="UTF-8"/>
    <property name="java.library.path" value="/usr/java/packages/lib/amd64:/usr/lib/x86_64-linux-gnu/jni:/lib/x86_64-linux-gnu:/usr/lib/x86_64-linux-gnu:/usr/lib/jni:/lib:/usr/lib"/>
    <property name="surefire.test.class.path" value="/home/unknown/Desktop/DMPROject/Semantic-Web-Data-Store/msc/target/test-classes:/home/unknown/Desktop/DMPROject/Semantic-Web-Data-Store/msc/target/classes:/home/unknown/.m2/repository/junit/junit/3.8.1/junit-3.8.1.jar:/home/unknown/.m2/repository/net/sourceforge/owlapi/owlapi-distribution/5.0.0/owlapi-distribution-5.0.0.jar:/home/unknown/.m2/repository/com/fasterxml/jackson/core/jackson-core/2.6.3/jackson-core-2.6.3.jar:/home/unknown/.m2/repository/com/fasterxml/jackson/core/jackson-databind/2.6.3/jackson-databind-2.6.3.jar:/home/unknown/.m2/repository/com/fasterxml/jackson/core/jackson-annotations/2.6.3/jackson-annotations-2.6.3.jar:/home/unknown/.m2/repository/net/sourceforge/owlapi/owlapi-compatibility/5.0.0/owlapi-compatibility-5.0.0.jar:/home/unknown/.m2/repository/net/sourceforge/owlapi/owlapi-apibinding/5.0.0/owlapi-apibinding-5.0.0.jar:/home/unknown/.m2/repository/net/sourceforge/owlapi/owlapi-api/5.0.0/owlapi-api-5.0.0.jar:/home/unknown/.m2/repository/net/sourceforge/owlapi/owlapi-impl/5.0.0/owlapi-impl-5.0.0.jar:/home/unknown/.m2/repository/net/sourceforge/owlapi/owlapi-parsers/5.0.0/owlapi-parsers-5.0.0.jar:/home/unknown/.m2/repository/net/sourceforge/owlapi/owlapi-oboformat/5.0.0/owlapi-oboformat-5.0.0.jar:/home/unknown/.m2/repository/net/sourceforge/owlapi/owlapi-tools/5.0.0/owlapi-tools-5.0.0.jar:/home/unknown/.m2/repository/net/sourceforge/owlapi/owlapi-fixers/5.0.0/owlapi-fixers-5.0.0.jar:/home/unknown/.m2/repository/net/sourceforge/owlapi/owlapi-rio/5.0.0/owlapi-rio-5.0.0.jar:/home/unknown/.m2/repository/org/openrdf/sesame/sesame-rio-jsonld/4.0.2/sesame-rio-jsonld-4.0.2.jar:/home/unknown/.m2/repository/org/apache/commons/commons-rdf-api/0.1.0-incubating/commons-rdf-api-0.1.0-incubating.jar:/home/unknown/.m2/repository/org/tukaani/xz/1.5/xz-1.5.jar:/home/unknown/.m2/repository/org/openrdf/sesame/sesame-model/4.0.2/sesame-model-4.0.2.jar:/home/unknown/.m2/repository/org/openrdf/sesame/sesame-util/4.0.2/sesame-util-4.0.2.jar:/home/unknown/.m2/repository/org/openrdf/sesame/sesame-rio-api/4.0.2/sesame-rio-api-4.0.2.jar:/home/unknown/.m2/repository/org/openrdf/sesame/sesame-rio-languages/4.0.2/sesame-rio-languages-4.0.2.jar:/home/unknown/.m2/repository/org/openrdf/sesame/sesame-rio-datatypes/4.0.2/sesame-rio-datatypes-4.0.2.jar:/home/unknown/.m2/repository/org/openrdf/sesame/sesame-rio-binary/4.0.2/sesame-rio-binary-4.0.2.jar:/home/unknown/.m2/repository/org/openrdf/sesame/sesame-rio-n3/4.0.2/sesame-rio-n3-4.0.2.jar:/home/unknown/.m2/repository/org/openrdf/sesame/sesame-rio-nquads/4.0.2/sesame-rio-nquads-4.0.2.jar:/home/unknown/.m2/repository/org/openrdf/sesame/sesame-rio-ntriples/4.0.2/sesame-rio-ntriples-4.0.2.jar:/home/unknown/.m2/repository/org/openrdf/sesame/sesame-rio-rdfjson/4.0.2/sesame-rio-rdfjson-4.0.2.jar:/home/unknown/.m2/repository/org/openrdf/sesame/sesame-rio-rdfxml/4.0.2/sesame-rio-rdfxml-4.0.2.jar:/home/unknown/.m2/repository/org/openrdf/sesame/sesame-rio-trix/4.0.2/sesame-rio-trix-4.0.2.jar:/home/unknown/.m2/repository/org/openrdf/sesame/sesame-rio-turtle/4.0.2/sesame-rio-turtle-4.0.2.jar:/home/unknown/.m2/repository/org/openrdf/sesame/sesame-rio-trig/4.0.2/sesame-rio-trig-4.0.2.jar:/home/unknown/.m2/repository/com/github/jsonld-java/jsonld-java/0.8.0/jsonld-java-0.8.0.jar:/home/unknown/.m2/repository/org/apache/httpcomponents/httpclient-osgi/4.5.1/httpclient-osgi-4.5.1.jar:/home/unknown/.m2/repository/org/apache/httpcomponents/httpclient/4.5.1/httpclient-4.5.1.jar:/home/unknown/.m2/repository/commons-codec/commons-codec/1.9/commons-codec-1.9.jar:/home/unknown/.m2/repository/org/apache/httpcomponents/httpmime/4.5.1/httpmime-4.5.1.jar:/home/unknown/.m2/repository/org/apache/httpcomponents/httpclient-cache/4.5.1/httpclient-cache-4.5.1.jar:/home/unknown/.m2/repository/org/apache/httpcomponents/fluent-hc/4.5.1/fluent-hc-4.5.1.jar:/home/unknown/.m2/repository/org/apache/httpcomponents/httpcore-osgi/4.4.4/httpcore-osgi-4.4.4.jar:/home/unknown/.m2/repository/org/apache/httpcomponents/httpcore/4.4.4/httpcore-4.4.4.jar:/home/unknown/.m2/repository/org/apache/httpcomponents/httpcore-nio/4.4.4/httpcore-nio-4.4.4.jar:/home/unknown/.m2/repository/org/slf4j/jcl-over-slf4j/1.7.13/jcl-over-slf4j-1.7.13.jar:/home/unknown/.m2/repository/org/semarglproject/semargl-sesame/0.6.1/semargl-sesame-0.6.1.jar:/home/unknown/.m2/repository/org/semarglproject/semargl-core/0.6.1/semargl-core-0.6.1.jar:/home/unknown/.m2/repository/org/semarglproject/semargl-rdfa/0.6.1/semargl-rdfa-0.6.1.jar:/home/unknown/.m2/repository/org/semarglproject/semargl-rdf/0.6.1/semargl-rdf-0.6.1.jar:/home/unknown/.m2/repository/net/sf/trove4j/trove4j/3.0.3/trove4j-3.0.3.jar:/home/unknown/.m2/repository/com/github/ben-manes/caffeine/caffeine/2.1.0/caffeine-2.1.0.jar:/home/unknown/.m2/repository/com/google/guava/guava/19.0/guava-19.0.jar:/home/unknown/.m2/repository/com/google/inject/guice/4.0/guice-4.0.jar:/home/unknown/.m2/repository/javax/inject/javax.inject/1/javax.inject-1.jar:/home/unknown/.m2/repository/aopalliance/aopalliance/1.0/aopalliance-1.0.jar:/home/unknown/.m2/repository/com/google/inject/extensions/guice-assistedinject/4.0/guice-assistedinject-4.0.jar:/home/unknown/.m2/repository/com/google/inject/extensions/guice-multibindings/4.0/guice-multibindings-4.0.jar:/home/unknown/.m2/repository/com/google/code/findbugs/jsr305/2.0.1/jsr305-2.0.1.jar:/home/unknown/.m2/repository/org/slf4j/slf4j-api/1.7.14/slf4j-api-1.7.14.jar:/home/unknown/.m2/repository/commons-io/commons-io/2.4/commons-io-2.4.jar:/home/unknown/.m2/repository/org/neo4j/driver/neo4j-java-driver/1.0.3/neo4j-java-driver-1.0.3.jar:/home/unknown/.m2/repository/org/neo4j/neo4j/3.3.4/neo4j-3.3.4.jar:/home/unknown/.m2/repository/org/neo4j/neo4j-kernel/3.3.4/neo4j-kernel-3.3.4.jar:/home/unknown/.m2/repository/org/neo4j/neo4j-values/3.3.4/neo4j-values-3.3.4.jar:/home/unknown/.m2/repository/org/neo4j/neo4j-io/3.3.4/neo4j-io-3.3.4.jar:/home/unknown/.m2/repository/org/neo4j/neo4j-csv/3.3.4/neo4j-csv-3.3.4.jar:/home/unknown/.m2/repository/org/neo4j/neo4j-logging/3.3.4/neo4j-logging-3.3.4.jar:/home/unknown/.m2/repository/org/neo4j/neo4j-lucene-upgrade/3.3.4/neo4j-lucene-upgrade-3.3.4.jar:/home/unknown/.m2/repository/org/apache/lucene/lucene-backward-codecs/5.5.0/lucene-backward-codecs-5.5.0.jar:/home/unknown/.m2/repository/org/neo4j/neo4j-configuration/3.3.4/neo4j-configuration-3.3.4.jar:/home/unknown/.m2/repository/org/neo4j/neo4j-index/3.3.4/neo4j-index-3.3.4.jar:/home/unknown/.m2/repository/org/neo4j/neo4j-ssl/3.3.4/neo4j-ssl-3.3.4.jar:/home/unknown/.m2/repository/io/netty/netty-all/4.1.21.Final/netty-all-4.1.21.Final.jar:/home/unknown/.m2/repository/org/bouncycastle/bcpkix-jdk15on/1.53/bcpkix-jdk15on-1.53.jar:/home/unknown/.m2/repository/org/bouncycastle/bcprov-jdk15on/1.53/bcprov-jdk15on-1.53.jar:/home/unknown/.m2/repository/org/neo4j/neo4j-lucene-index/3.3.4/neo4j-lucene-index-3.3.4.jar:/home/unknown/.m2/repository/org/apache/lucene/lucene-analyzers-common/5.5.0/lucene-analyzers-common-5.5.0.jar:/home/unknown/.m2/repository/org/apache/lucene/lucene-core/5.5.0/lucene-core-5.5.0.jar:/home/unknown/.m2/repository/org/apache/lucene/lucene-queryparser/5.5.0/lucene-queryparser-5.5.0.jar:/home/unknown/.m2/repository/org/apache/lucene/lucene-codecs/5.5.0/lucene-codecs-5.5.0.jar:/home/unknown/.m2/repository/org/neo4j/neo4j-graph-algo/3.3.4/neo4j-graph-algo-3.3.4.jar:/home/unknown/.m2/repository/org/neo4j/neo4j-udc/3.3.4/neo4j-udc-3.3.4.jar:/home/unknown/.m2/repository/org/neo4j/neo4j-cypher/3.3.4/neo4j-cypher-3.3.4.jar:/home/unknown/.m2/repository/org/scala-lang/scala-library/2.11.12/scala-library-2.11.12.jar:/home/unknown/.m2/repository/org/scala-lang/scala-reflect/2.11.12/scala-reflect-2.11.12.jar:/home/unknown/.m2/repository/org/neo4j/neo4j-graph-matching/3.1.6/neo4j-graph-matching-3.1.6.jar:/home/unknown/.m2/repository/org/neo4j/neo4j-codegen/3.3.4/neo4j-codegen-3.3.4.jar:/home/unknown/.m2/repository/org/ow2/asm/asm/5.2/asm-5.2.jar:/home/unknown/.m2/repository/org/ow2/asm/asm-util/5.2/asm-util-5.2.jar:/home/unknown/.m2/repository/org/ow2/asm/asm-analysis/5.2/asm-analysis-5.2.jar:/home/unknown/.m2/repository/org/ow2/asm/asm-tree/5.2/asm-tree-5.2.jar:/home/unknown/.m2/repository/org/neo4j/neo4j-cypher-compiler-2.3/2.3.12/neo4j-cypher-compiler-2.3-2.3.12.jar:/home/unknown/.m2/repository/org/neo4j/neo4j-cypher-frontend-2.3/2.3.12/neo4j-cypher-frontend-2.3-2.3.12.jar:/home/unknown/.m2/repository/com/googlecode/concurrentlinkedhashmap/concurrentlinkedhashmap-lru/1.4.2/concurrentlinkedhashmap-lru-1.4.2.jar:/home/unknown/.m2/repository/org/neo4j/neo4j-cypher-compiler-3.1/3.1.6/neo4j-cypher-compiler-3.1-3.1.6.jar:/home/unknown/.m2/repository/org/neo4j/neo4j-cypher-frontend-3.1/3.1.6/neo4j-cypher-frontend-3.1-3.1.6.jar:/home/unknown/.m2/repository/org/neo4j/neo4j-cypher-compiler-3.2/3.2.9/neo4j-cypher-compiler-3.2-3.2.9.jar:/home/unknown/.m2/repository/org/neo4j/neo4j-cypher-frontend-3.2/3.2.9/neo4j-cypher-frontend-3.2-3.2.9.jar:/home/unknown/.m2/repository/org/neo4j/neo4j-cypher-ir-3.2/3.2.9/neo4j-cypher-ir-3.2-3.2.9.jar:/home/unknown/.m2/repository/org/neo4j/neo4j-cypher-compiler-3.3/3.3.4/neo4j-cypher-compiler-3.3-3.3.4.jar:/home/unknown/.m2/repository/org/neo4j/neo4j-cypher-frontend-3.3/3.3.4/neo4j-cypher-frontend-3.3-3.3.4.jar:/home/unknown/.m2/repository/org/neo4j/neo4j-cypher-ir-3.3/3.3.4/neo4j-cypher-ir-3.3-3.3.4.jar:/home/unknown/.m2/repository/org/neo4j/neo4j-cypher-logical-plans-3.3/3.3.4/neo4j-cypher-logical-plans-3.3-3.3.4.jar:/home/unknown/.m2/repository/org/parboiled/parboiled-scala_2.11/1.1.7/parboiled-scala_2.11-1.1.7.jar:/home/unknown/.m2/repository/org/parboiled/parboiled-core/1.1.7/parboiled-core-1.1.7.jar:/home/unknown/.m2/repository/net/sf/opencsv/opencsv/2.3/opencsv-2.3.jar:/home/unknown/.m2/repository/org/apache/commons/commons-lang3/3.5/commons-lang3-3.5.jar:/home/unknown/.m2/repository/org/neo4j/neo4j-jmx/3.3.4/neo4j-jmx-3.3.4.jar:/home/unknown/.m2/repository/org/neo4j/neo4j-consistency-check/3.3.4/neo4j-consistency-check-3.3.4.jar:/home/unknown/.m2/repository/org/neo4j/neo4j-command-line/3.3.4/neo4j-command-line-3.3.4.jar:/home/unknown/.m2/repository/org/apache/commons/commons-text/1.1/commons-text-1.1.jar:/home/unknown/.m2/repository/org/neo4j/neo4j-dbms/3.3.4/neo4j-dbms-3.3.4.jar:/home/unknown/.m2/repository/org/neo4j/neo4j-import-tool/3.3.4/neo4j-import-tool-3.3.4.jar:/home/unknown/.m2/repository/org/apache/commons/commons-compress/1.12/commons-compress-1.12.jar:/home/unknown/.m2/repository/org/neo4j/neo4j-graphdb-api/3.3.4/neo4j-graphdb-api-3.3.4.jar:/home/unknown/.m2/repository/org/neo4j/neo4j-common/3.3.4/neo4j-common-3.3.4.jar:/home/unknown/.m2/repository/org/neo4j/neo4j-resource/3.3.4/neo4j-resource-3.3.4.jar:/home/unknown/.m2/repository/org/neo4j/neo4j-collections/3.3.4/neo4j-collections-3.3.4.jar:/home/unknown/.m2/repository/org/neo4j/neo4j-primitive-collections/3.3.4/neo4j-primitive-collections-3.3.4.jar:/home/unknown/.m2/repository/org/neo4j/neo4j-unsafe/3.3.4/neo4j-unsafe-3.3.4.jar:/home/unknown/.m2/repository/net/sourceforge/owlapi/org.semanticweb.hermit/1.3.8.500/org.semanticweb.hermit-1.3.8.500.jar:/home/unknown/.m2/repository/commons-logging/commons-logging/1.1.3/commons-logging-1.1.3.jar:/home/unknown/.m2/repository/org/apache/ws/commons/axiom/axiom-api/1.2.14/axiom-api-1.2.14.jar:/home/unknown/.m2/repository/org/apache/geronimo/specs/geronimo-activation_1.1_spec/1.1/geronimo-activation_1.1_spec-1.1.jar:/home/unknown/.m2/repository/org/apache/geronimo/specs/geronimo-javamail_1.4_spec/1.7.1/geronimo-javamail_1.4_spec-1.7.1.jar:/home/unknown/.m2/repository/jaxen/jaxen/1.1.4/jaxen-1.1.4.jar:/home/unknown/.m2/repository/org/apache/geronimo/specs/geronimo-stax-api_1.0_spec/1.0.1/geronimo-stax-api_1.0_spec-1.0.1.jar:/home/unknown/.m2/repository/org/apache/james/apache-mime4j-core/0.7.2/apache-mime4j-core-0.7.2.jar:/home/unknown/.m2/repository/org/apache/ws/commons/axiom/axiom-c14n/1.2.14/axiom-c14n-1.2.14.jar:/home/unknown/.m2/repository/org/apache/ws/commons/axiom/axiom-impl/1.2.14/axiom-impl-1.2.14.jar:/home/unknown/.m2/repository/org/codehaus/woodstox/woodstox-core-asl/4.1.4/woodstox-core-asl-4.1.4.jar:/home/unknown/.m2/repository/org/codehaus/woodstox/stax2-api/3.1.1/stax2-api-3.1.1.jar:/home/unknown/.m2/repository/org/apache/ws/commons/axiom/axiom-dom/1.2.14/axiom-dom-1.2.14.jar:/home/unknown/.m2/repository/dk/brics/automaton/automaton/1.11-8/automaton-1.11-8.jar:"/>
    <property name="java.specification.name" value="Java Platform API Specification"/>
    <property name="java.class.version" value="52.0"/>
    <property name="sun.management.compiler" value="HotSpot 64-Bit Tiered Compilers"/>
    <property name="os.version" value="4.13.0-38-generic"/>
    <property name="user.home" value="/home/unknown"/>
    <property name="user.timezone" value=""/>
    <property name="java.awt.printerjob" value="sun.print.PSPrinterJob"/>
    <property name="file.encoding" value="UTF-8"/>
    <property name="java.specification.version" value="1.8"/>
    <property name="user.name" value="unknown"/>
    <property name="java.class.path" value="/home/unknown/Desktop/DMPROject/Semantic-Web-Data-Store/msc/target/test-classes:/home/unknown/Desktop/DMPROject/Semantic-Web-Data-Store/msc/target/classes:/home/unknown/.m2/repository/junit/junit/3.8.1/junit-3.8.1.jar:/home/unknown/.m2/repository/net/sourceforge/owlapi/owlapi-distribution/5.0.0/owlapi-distribution-5.0.0.jar:/home/unknown/.m2/repository/com/fasterxml/jackson/core/jackson-core/2.6.3/jackson-core-2.6.3.jar:/home/unknown/.m2/repository/com/fasterxml/jackson/core/jackson-databind/2.6.3/jackson-databind-2.6.3.jar:/home/unknown/.m2/repository/com/fasterxml/jackson/core/jackson-annotations/2.6.3/jackson-annotations-2.6.3.jar:/home/unknown/.m2/repository/net/sourceforge/owlapi/owlapi-compatibility/5.0.0/owlapi-compatibility-5.0.0.jar:/home/unknown/.m2/repository/net/sourceforge/owlapi/owlapi-apibinding/5.0.0/owlapi-apibinding-5.0.0.jar:/home/unknown/.m2/repository/net/sourceforge/owlapi/owlapi-api/5.0.0/owlapi-api-5.0.0.jar:/home/unknown/.m2/repository/net/sourceforge/owlapi/owlapi-impl/5.0.0/owlapi-impl-5.0.0.jar:/home/unknown/.m2/repository/net/sourceforge/owlapi/owlapi-parsers/5.0.0/owlapi-parsers-5.0.0.jar:/home/unknown/.m2/repository/net/sourceforge/owlapi/owlapi-oboformat/5.0.0/owlapi-oboformat-5.0.0.jar:/home/unknown/.m2/repository/net/sourceforge/owlapi/owlapi-tools/5.0.0/owlapi-tools-5.0.0.jar:/home/unknown/.m2/repository/net/sourceforge/owlapi/owlapi-fixers/5.0.0/owlapi-fixers-5.0.0.jar:/home/unknown/.m2/repository/net/sourceforge/owlapi/owlapi-rio/5.0.0/owlapi-rio-5.0.0.jar:/home/unknown/.m2/repository/org/openrdf/sesame/sesame-rio-jsonld/4.0.2/sesame-rio-jsonld-4.0.2.jar:/home/unknown/.m2/repository/org/apache/commons/commons-rdf-api/0.1.0-incubating/commons-rdf-api-0.1.0-incubating.jar:/home/unknown/.m2/repository/org/tukaani/xz/1.5/xz-1.5.jar:/home/unknown/.m2/repository/org/openrdf/sesame/sesame-model/4.0.2/sesame-model-4.0.2.jar:/home/unknown/.m2/repository/org/openrdf/sesame/sesame-util/4.0.2/sesame-util-4.0.2.jar:/home/unknown/.m2/repository/org/openrdf/sesame/sesame-rio-api/4.0.2/sesame-rio-api-4.0.2.jar:/home/unknown/.m2/repository/org/openrdf/sesame/sesame-rio-languages/4.0.2/sesame-rio-languages-4.0.2.jar:/home/unknown/.m2/repository/org/openrdf/sesame/sesame-rio-datatypes/4.0.2/sesame-rio-datatypes-4.0.2.jar:/home/unknown/.m2/repository/org/openrdf/sesame/sesame-rio-binary/4.0.2/sesame-rio-binary-4.0.2.jar:/home/unknown/.m2/repository/org/openrdf/sesame/sesame-rio-n3/4.0.2/sesame-rio-n3-4.0.2.jar:/home/unknown/.m2/repository/org/openrdf/sesame/sesame-rio-nquads/4.0.2/sesame-rio-nquads-4.0.2.jar:/home/unknown/.m2/repository/org/openrdf/sesame/sesame-rio-ntriples/4.0.2/sesame-rio-ntriples-4.0.2.jar:/home/unknown/.m2/repository/org/openrdf/sesame/sesame-rio-rdfjson/4.0.2/sesame-rio-rdfjson-4.0.2.jar:/home/unknown/.m2/repository/org/openrdf/sesame/sesame-rio-rdfxml/4.0.2/sesame-rio-rdfxml-4.0.2.jar:/home/unknown/.m2/repository/org/openrdf/sesame/sesame-rio-trix/4.0.2/sesame-rio-trix-4.0.2.jar:/home/unknown/.m2/repository/org/openrdf/sesame/sesame-rio-turtle/4.0.2/sesame-rio-turtle-4.0.2.jar:/home/unknown/.m2/repository/org/openrdf/sesame/sesame-rio-trig/4.0.2/sesame-rio-trig-4.0.2.jar:/home/unknown/.m2/repository/com/github/jsonld-java/jsonld-java/0.8.0/jsonld-java-0.8.0.jar:/home/unknown/.m2/repository/org/apache/httpcomponents/httpclient-osgi/4.5.1/httpclient-osgi-4.5.1.jar:/home/unknown/.m2/repository/org/apache/httpcomponents/httpclient/4.5.1/httpclient-4.5.1.jar:/home/unknown/.m2/repository/commons-codec/commons-codec/1.9/commons-codec-1.9.jar:/home/unknown/.m2/repository/org/apache/httpcomponents/httpmime/4.5.1/httpmime-4.5.1.jar:/home/unknown/.m2/repository/org/apache/httpcomponents/httpclient-cache/4.5.1/httpclient-cache-4.5.1.jar:/home/unknown/.m2/repository/org/apache/httpcomponents/fluent-hc/4.5.1/fluent-hc-4.5.1.jar:/home/unknown/.m2/repository/org/apache/httpcomponents/httpcore-osgi/4.4.4/httpcore-osgi-4.4.4.jar:/home/unknown/.m2/repository/org/apache/httpcomponents/httpcore/4.4.4/httpcore-4.4.4.jar:/home/unknown/.m2/repository/org/apache/httpcomponents/httpcore-nio/4.4.4/httpcore-nio-4.4.4.jar:/home/unknown/.m2/repository/org/slf4j/jcl-over-slf4j/1.7.13/jcl-over-slf4j-1.7.13.jar:/home/unknown/.m2/repository/org/semarglproject/semargl-sesame/0.6.1/semargl-sesame-0.6.1.jar:/home/unknown/.m2/repository/org/semarglproject/semargl-core/0.6.1/semargl-core-0.6.1.jar:/home/unknown/.m2/repository/org/semarglproject/semargl-rdfa/0.6.1/semargl-rdfa-0.6.1.jar:/home/unknown/.m2/repository/org/semarglproject/semargl-rdf/0.6.1/semargl-rdf-0.6.1.jar:/home/unknown/.m2/repository/net/sf/trove4j/trove4j/3.0.3/trove4j-3.0.3.jar:/home/unknown/.m2/repository/com/github/ben-manes/caffeine/caffeine/2.1.0/caffeine-2.1.0.jar:/home/unknown/.m2/repository/com/google/guava/guava/19.0/guava-19.0.jar:/home/unknown/.m2/repository/com/google/inject/guice/4.0/guice-4.0.jar:/home/unknown/.m2/repository/javax/inject/javax.inject/1/javax.inject-1.jar:/home/unknown/.m2/repository/aopalliance/aopalliance/1.0/aopalliance-1.0.jar:/home/unknown/.m2/repository/com/google/inject/extensions/guice-assistedinject/4.0/guice-assistedinject-4.0.jar:/home/unknown/.m2/repository/com/google/inject/extensions/guice-multibindings/4.0/guice-multibindings-4.0.jar:/home/unknown/.m2/repository/com/google/code/findbugs/jsr305/2.0.1/jsr305-2.0.1.jar:/home/unknown/.m2/repository/org/slf4j/slf4j-api/1.7.14/slf4j-api-1.7.14.jar:/home/unknown/.m2/repository/commons-io/commons-io/2.4/commons-io-2.4.jar:/home/unknown/.m2/repository/org/neo4j/driver/neo4j-java-driver/1.0.3/neo4j-java-driver-1.0.3.jar:/home/unknown/.m2/repository/org/neo4j/neo4j/3.3.4/neo4j-3.3.4.jar:/home/unknown/.m2/repository/org/neo4j/neo4j-kernel/3.3.4/neo4j-kernel-3.3.4.jar:/home/unknown/.m2/repository/org/neo4j/neo4j-values/3.3.4/neo4j-values-3.3.4.jar:/home/unknown/.m2/repository/org/neo4j/neo4j-io/3.3.4/neo4j-io-3.3.4.jar:/home/unknown/.m2/repository/org/neo4j/neo4j-csv/3.3.4/neo4j-csv-3.3.4.jar:/home/unknown/.m2/repository/org/neo4j/neo4j-logging/3.3.4/neo4j-logging-3.3.4.jar:/home/unknown/.m2/repository/org/neo4j/neo4j-lucene-upgrade/3.3.4/neo4j-lucene-upgrade-3.3.4.jar:/home/unknown/.m2/repository/org/apache/lucene/lucene-backward-codecs/5.5.0/lucene-backward-codecs-5.5.0.jar:/home/unknown/.m2/repository/org/neo4j/neo4j-configuration/3.3.4/neo4j-configuration-3.3.4.jar:/home/unknown/.m2/repository/org/neo4j/neo4j-index/3.3.4/neo4j-index-3.3.4.jar:/home/unknown/.m2/repository/org/neo4j/neo4j-ssl/3.3.4/neo4j-ssl-3.3.4.jar:/home/unknown/.m2/repository/io/netty/netty-all/4.1.21.Final/netty-all-4.1.21.Final.jar:/home/unknown/.m2/repository/org/bouncycastle/bcpkix-jdk15on/1.53/bcpkix-jdk15on-1.53.jar:/home/unknown/.m2/repository/org/bouncycastle/bcprov-jdk15on/1.53/bcprov-jdk15on-1.53.jar:/home/unknown/.m2/repository/org/neo4j/neo4j-lucene-index/3.3.4/neo4j-lucene-index-3.3.4.jar:/home/unknown/.m2/repository/org/apache/lucene/lucene-analyzers-common/5.5.0/lucene-analyzers-common-5.5.0.jar:/home/unknown/.m2/repository/org/apache/lucene/lucene-core/5.5.0/lucene-core-5.5.0.jar:/home/unknown/.m2/repository/org/apache/lucene/lucene-queryparser/5.5.0/lucene-queryparser-5.5.0.jar:/home/unknown/.m2/repository/org/apache/lucene/lucene-codecs/5.5.0/lucene-codecs-5.5.0.jar:/home/unknown/.m2/repository/org/neo4j/neo4j-graph-algo/3.3.4/neo4j-graph-algo-3.3.4.jar:/home/unknown/.m2/repository/org/neo4j/neo4j-udc/3.3.4/neo4j-udc-3.3.4.jar:/home/unknown/.m2/repository/org/neo4j/neo4j-cypher/3.3.4/neo4j-cypher-3.3.4.jar:/home/unknown/.m2/repository/org/scala-lang/scala-library/2.11.12/scala-library-2.11.12.jar:/home/unknown/.m2/repository/org/scala-lang/scala-reflect/2.11.12/scala-reflect-2.11.12.jar:/home/unknown/.m2/repository/org/neo4j/neo4j-graph-matching/3.1.6/neo4j-graph-matching-3.1.6.jar:/home/unknown/.m2/repository/org/neo4j/neo4j-codegen/3.3.4/neo4j-codegen-3.3.4.jar:/home/unknown/.m2/repository/org/ow2/asm/asm/5.2/asm-5.2.jar:/home/unknown/.m2/repository/org/ow2/asm/asm-util/5.2/asm-util-5.2.jar:/home/unknown/.m2/repository/org/ow2/asm/asm-analysis/5.2/asm-analysis-5.2.jar:/home/unknown/.m2/repository/org/ow2/asm/asm-tree/5.2/asm-tree-5.2.jar:/home/unknown/.m2/repository/org/neo4j/neo4j-cypher-compiler-2.3/2.3.12/neo4j-cypher-compiler-2.3-2.3.12.jar:/home/unknown/.m2/repository/org/neo4j/neo4j-cypher-frontend-2.3/2.3.12/neo4j-cypher-frontend-2.3-2.3.12.jar:/home/unknown/.m2/repository/com/googlecode/concurrentlinkedhashmap/concurrentlinkedhashmap-lru/1.4.2/concurrentlinkedhashmap-lru-1.4.2.jar:/home/unknown/.m2/repository/org/neo4j/neo4j-cypher-compiler-3.1/3.1.6/neo4j-cypher-compiler-3.1-3.1.6.jar:/home/unknown/.m2/repository/org/neo4j/neo4j-cypher-frontend-3.1/3.1.6/neo4j-cypher-frontend-3.1-3.1.6.jar:/home/unknown/.m2/repository/org/neo4j/neo4j-cypher-compiler-3.2/3.2.9/neo4j-cypher-compiler-3.2-3.2.9.jar:/home/unknown/.m2/repository/org/neo4j/neo4j-cypher-frontend-3.2/3.2.9/neo4j-cypher-frontend-3.2-3.2.9.jar:/home/unknown/.m2/repository/org/neo4j/neo4j-cypher-ir-3.2/3.2.9/neo4j-cypher-ir-3.2-3.2.9.jar:/home/unknown/.m2/repository/org/neo4j/neo4j-cypher-compiler-3.3/3.3.4/neo4j-cypher-compiler-3.3-3.3.4.jar:/home/unknown/.m2/repository/org/neo4j/neo4j-cypher-frontend-3.3/3.3.4/neo4j-cypher-frontend-3.3-3.3.4.jar:/home/unknown/.m2/repository/org/neo4j/neo4j-cypher-ir-3.3/3.3.4/neo4j-cypher-ir-3.3-3.3.4.jar:/home/unknown/.m2/repository/org/neo4j/neo4j-cypher-logical-plans-3.3/3.3.4/neo4j-cypher-logical-plans-3.3-3.3.4.jar:/home/unknown/.m2/repository/org/parboiled/parboiled-scala_2.11/1.1.7/parboiled-scala_2.11-1.1.7.jar:/home/unknown/.m2/repository/org/parboiled/parboiled-core/1.1.7/parboiled-core-1.1.7.jar:/home/unknown/.m2/repository/net/sf/opencsv/opencsv/2.3/opencsv-2.3.jar:/home/unknown/.m2/repository/org/apache/commons/commons-lang3/3.5/commons-lang3-3.5.jar:/home/unknown/.m2/repository/org/neo4j/neo4j-jmx/3.3.4/neo4j-jmx-3.3.4.jar:/home/unknown/.m2/repository/org/neo4j/neo4j-consistency-check/3.3.4/neo4j-consistency-check-3.3.4.jar:/home/unknown/.m2/repository/org/neo4j/neo4j-command-line/3.3.4/neo4j-command-line-3.3.4.jar:/home/unknown/.m2/repository/org/apache/commons/commons-text/1.1/commons-text-1.1.jar:/home/unknown/.m2/repository/org/neo4j/neo4j-dbms/3.3.4/neo4j-dbms-3.3.4.jar:/home/unknown/.m2/repository/org/neo4j/neo4j-import-tool/3.3.4/neo4j-import-tool-3.3.4.jar:/home/unknown/.m2/repository/org/apache/commons/commons-compress/1.12/commons-compress-1.12.jar:/home/unknown/.m2/repository/org/neo4j/neo4j-graphdb-api/3.3.4/neo4j-graphdb-api-3.3.4.jar:/home/unknown/.m2/repository/org/neo4j/neo4j-common/3.3.4/neo4j-common-3.3.4.jar:/home/unknown/.m2/repository/org/neo4j/neo4j-resource/3.3.4/neo4j-resource-3.3.4.jar:/home/unknown/.m2/repository/org/neo4j/neo4j-collections/3.3.4/neo4j-collections-3.3.4.jar:/home/unknown/.m2/repository/org/neo4j/neo4j-primitive-collections/3.3.4/neo4j-primitive-collections-3.3.4.jar:/home/unknown/.m2/repository/org/neo4j/neo4j-unsafe/3.3.4/neo4j-unsafe-3.3.4.jar:/home/unknown/.m2/repository/net/sourceforge/owlapi/org.semanticweb.hermit/1.3.8.500/org.semanticweb.hermit-1.3.8.500.jar:/home/unknown/.m2/repository/commons-logging/commons-logging/1.1.3/commons-logging-1.1.3.jar:/home/unknown/.m2/repository/org/apache/ws/commons/axiom/axiom-api/1.2.14/axiom-api-1.2.14.jar:/home/unknown/.m2/repository/org/apache/geronimo/specs/geronimo-activation_1.1_spec/1.1/geronimo-activation_1.1_spec-1.1.jar:/home/unknown/.m2/repository/org/apache/geronimo/specs/geronimo-javamail_1.4_spec/1.7.1/geronimo-javamail_1.4_spec-1.7.1.jar:/home/unknown/.m2/repository/jaxen/jaxen/1.1.4/jaxen-1.1.4.jar:/home/unknown/.m2/repository/org/apache/geronimo/specs/geronimo-stax-api_1.0_spec/1.0.1/geronimo-stax-api_1.0_spec-1.0.1.jar:/home/unknown/.m2/repository/org/apache/james/apache-mime4j-core/0.7.2/apache-mime4j-core-0.7.2.jar:/home/unknown/.m2/repository/org/apache/ws/commons/axiom/axiom-c14n/1.2.14/axiom-c14n-1.2.14.jar:/home/unknown/.m2/repository/org/apache/ws/commons/axiom/axiom-impl/1.2.14/axiom-impl-1.2.14.jar:/home/unknown/.m2/repository/org/codehaus/woodstox/woodstox-core-asl/4.1.4/woodstox-core-asl-4.1.4.jar:/home/unknown/.m2/repository/org/codehaus/woodstox/stax2-api/3.1.1/stax2-api-3.1.1.jar:/home/unknown/.m2/repository/org/apache/ws/commons/axiom/axiom-dom/1.2.14/axiom-dom-1.2.14.jar:/home/unknown/.m2/repository/dk/brics/automaton/automaton/1.11-8/automaton-1.11-8.jar:"/>
    <property name="java.vm.specification.version" value="1.8"/>
    <property name="sun.arch.data.model" value="64"/>
    <property name="java.home" value="/usr/lib/jvm/java-8-openjdk-amd64/jre"/>
    <property name="sun.java.command" value="/home/unknown/Desktop/DMPROject/Semantic-Web-Data-Store/msc/target/surefire/surefirebooter5808967405564549336.jar /home/unknown/Desktop/DMPROject/Semantic-Web-Data-Store/msc/target/surefire/surefire6604832746085316016tmp /home/unknown/Desktop/DMPROject/Semantic-Web-Data-Store/msc/target/surefire/surefire5901856470766424662tmp"/>
    <property name="java.specification.vendor" value="Oracle Corporation"/>
    <property name="user.language" value="en"/>
    <property name="awt.toolkit" value="sun.awt.X11.XToolkit"/>
    <property name="java.vm.info" value="mixed mode"/>
    <property name="java.version" value="1.8.0_162"/>
    <property name="java.ext.dirs" value="/usr/lib/jvm/java-8-openjdk-amd64/jre/lib/ext:/usr/java/packages/lib/ext"/>
    <property name="sun.boot.class.path" value="/usr/lib/jvm/java-8-openjdk-amd64/jre/lib/resources.jar:/usr/lib/jvm/java-8-openjdk-amd64/jre/lib/rt.jar:/usr/lib/jvm/java-8-openjdk-amd64/jre/lib/sunrsasign.jar:/usr/lib/jvm/java-8-openjdk-amd64/jre/lib/jsse.jar:/usr/lib/jvm/java-8-openjdk-amd64/jre/lib/jce.jar:/usr/lib/jvm/java-8-openjdk-amd64/jre/lib/charsets.jar:/usr/lib/jvm/java-8-openjdk-amd64/jre/lib/jfr.jar:/usr/lib/jvm/java-8-openjdk-amd64/jre/classes"/>
    <property name="java.vendor" value="Oracle Corporation"/>
    <property name="localRepository" value="/home/unknown/.m2/repository"/>
    <property name="file.separator" value="/"/>
    <property name="java.vendor.url.bug" value="http://bugreport.sun.com/bugreport/"/>
    <property name="sun.cpu.endian" value="little"/>
    <property name="sun.io.unicode.encoding" value="UnicodeLittle"/>
    <property name="sun.desktop" value="gnome"/>
    <property name="sun.cpu.isalist" value=""/>
  </properties>
  <testcase classname="owlapi.tutorial.msc.AppTest" name="testApp" time="0.001"/>
</testsuite>